{
  "stats": {
    "suites": 1,
    "tests": 1,
    "passes": 0,
    "pending": 0,
    "failures": 1,
    "start": "2023-11-04T14:06:38.045Z",
    "end": "2023-11-04T14:07:53.875Z",
    "duration": 75830,
    "testsRegistered": 1,
    "passPercent": 0,
    "pendingPercent": 0,
    "other": 0,
    "hasOther": false,
    "skipped": 0,
    "hasSkipped": false
  },
  "results": [
    {
      "uuid": "aa734e59-74ac-49ed-803d-ae5386590811",
      "title": "",
      "fullFile": "cypress/e2e/checkLinks.cy.js",
      "file": "cypress/e2e/checkLinks.cy.js",
      "beforeHooks": [],
      "afterHooks": [],
      "tests": [],
      "suites": [
        {
          "uuid": "cdef419b-5a6a-4ad2-b413-d865874ff89e",
          "title": "Test links on video.sky.it",
          "fullFile": "",
          "file": "",
          "beforeHooks": [],
          "afterHooks": [],
          "tests": [
            {
              "title": "Check Links",
              "fullTitle": "Test links on video.sky.it Check Links",
              "timedOut": null,
              "duration": 75649,
              "state": "failed",
              "speed": null,
              "pass": false,
              "fail": true,
              "pending": false,
              "context": null,
              "code": "var linkNoWork = [];\ncy.visit('/');\ncy.get('a').each(link => {\n  if (link.prop('href') == '') {\n    return;\n  }\n  cy.request({\n    url: link.prop('href'),\n    failOnStatusCode: false\n  }).its('status').then(item => {\n    console.log('boooot ' + item);\n    if (item === 404) {\n      linkNoWork.push(link.prop('href'));\n    }\n  });\n  console.log('1link no work have at least an item? ' + linkNoWork[0]);\n}).then(() => {\n  for (let i = 0; i < linkNoWork.length; i++) {\n    console.log('be? ' + linkNoWork[i]);\n  }\n  expect(linkNoWork.length, `The following links doesn't work:  ${linkNoWork.join(', ')}`).to.equal(0);\n});",
              "err": {
                "message": "AssertionError: The following links doesn't work:  https://video.sky.it/[section], https://www.sky.it/come-vedere/app.html, https://www.sky.it/assistenza/moduli-contrattuali.html, https://www.sky.it/assistenza/trasparenza-tariffaria.html, https://www.sky.it/info/modulo_segnalazione_abusi.html: expected 5 to equal 0",
                "estack": "AssertionError: The following links doesn't work:  https://video.sky.it/[section], https://www.sky.it/come-vedere/app.html, https://www.sky.it/assistenza/moduli-contrattuali.html, https://www.sky.it/assistenza/trasparenza-tariffaria.html, https://www.sky.it/info/modulo_segnalazione_abusi.html: expected 5 to equal 0\n    at Context.eval (webpack://testtestautomation/./cypress/e2e/checkLinks.cy.js:28:100)",
                "diff": null
              },
              "uuid": "0ad730b7-28ed-4329-9057-534f70eb9d1d",
              "parentUUID": "cdef419b-5a6a-4ad2-b413-d865874ff89e",
              "isHook": false,
              "skipped": false
            }
          ],
          "suites": [],
          "passes": [],
          "failures": [
            "0ad730b7-28ed-4329-9057-534f70eb9d1d"
          ],
          "pending": [],
          "skipped": [],
          "duration": 75649,
          "root": false,
          "rootEmpty": false,
          "_timeout": 2000
        }
      ],
      "passes": [],
      "failures": [],
      "pending": [],
      "skipped": [],
      "duration": 0,
      "root": true,
      "rootEmpty": true,
      "_timeout": 2000
    }
  ],
  "meta": {
    "mocha": {
      "version": "7.0.1"
    },
    "mochawesome": {
      "options": {
        "quiet": false,
        "reportFilename": "mochawesome",
        "saveHtml": false,
        "saveJson": true,
        "consoleReporter": "spec",
        "useInlineDiffs": false,
        "code": true
      },
      "version": "7.1.3"
    },
    "marge": {
      "options": {
        "overwrite": false,
        "html": false,
        "jnson": true
      },
      "version": "6.2.0"
    }
  }
}