{
  "stats": {
    "suites": 1,
    "tests": 1,
    "passes": 1,
    "pending": 0,
    "failures": 0,
    "start": "2023-11-04T09:12:11.369Z",
    "end": "2023-11-04T09:12:14.397Z",
    "duration": 3028,
    "testsRegistered": 1,
    "passPercent": 100,
    "pendingPercent": 0,
    "other": 0,
    "hasOther": false,
    "skipped": 0,
    "hasSkipped": false
  },
  "results": [
    {
      "uuid": "a488994d-925c-45a1-a840-50fd925b60f8",
      "title": "",
      "fullFile": "cypress/e2e/checkVideo.cy.js",
      "file": "cypress/e2e/checkVideo.cy.js",
      "beforeHooks": [],
      "afterHooks": [],
      "tests": [],
      "suites": [
        {
          "uuid": "90294a4f-4b76-4f89-ab68-27e165d59846",
          "title": "template spec",
          "fullFile": "",
          "file": "",
          "beforeHooks": [],
          "afterHooks": [],
          "tests": [
            {
              "title": "passes",
              "fullTitle": "template spec passes",
              "timedOut": null,
              "duration": 2967,
              "state": "passed",
              "speed": "fast",
              "pass": true,
              "fail": false,
              "pending": false,
              "context": null,
              "code": "cy.visit('/');\ncy.get('#component-news > div.l-wrapper.c-hp-section-widget__section-widget > div > div > div > div > div > div.c-hp-videos-section-widget__container-videos > div > a.c-video-card.c-video-card--no-mobile').then(item => {\n  let href = item.attr('href');\n  cy.get('#component-news > div.l-wrapper.c-hp-section-widget__section-widget > div > div > div > div > div > div.c-hp-videos-section-widget__container-videos > div > a.c-video-card.c-video-card--no-mobile > div > div.c-video-card__col-info > h2').invoke('text').then(titleLinkFromText => {\n    cy.visit(href).then(() => {\n      cy.get('#c-content > div > div.l-wrapper-container > div > div:nth-child(1) > div.l-grid__main > div > div > div > div > div.c-video-details__title-row > div > h1').invoke('text').then(title => {\n        expect(titleLinkFromText).to.equal(title);\n      });\n    });\n  });\n});",
              "err": {},
              "uuid": "f2e37c24-6595-4ea5-adef-8ae0a3f4790b",
              "parentUUID": "90294a4f-4b76-4f89-ab68-27e165d59846",
              "isHook": false,
              "skipped": false
            }
          ],
          "suites": [],
          "passes": [
            "f2e37c24-6595-4ea5-adef-8ae0a3f4790b"
          ],
          "failures": [],
          "pending": [],
          "skipped": [],
          "duration": 2967,
          "root": false,
          "rootEmpty": false,
          "_timeout": 2000
        }
      ],
      "passes": [],
      "failures": [],
      "pending": [],
      "skipped": [],
      "duration": 0,
      "root": true,
      "rootEmpty": true,
      "_timeout": 2000
    }
  ],
  "meta": {
    "mocha": {
      "version": "7.0.1"
    },
    "mochawesome": {
      "options": {
        "quiet": false,
        "reportFilename": "mochawesome",
        "saveHtml": true,
        "saveJson": true,
        "consoleReporter": "spec",
        "useInlineDiffs": false,
        "code": true
      },
      "version": "7.1.3"
    },
    "marge": {
      "options": {
        "overwrite": false
      },
      "version": "6.2.0"
    }
  }
}